1519682898964:help
1519752088629:create-person
1519752852893:create-Person
1519752860275:create-person
1519753366929:help
1519753374177:create-person
1519757687968:help
1519757696260:create-person
1519758844609:create-person kutay bezci
1519758858893:create-person "kutay bezci"
1519923945029:create-person "Ülkü Aktaş Bezci"
1519923973794:1mstacktrace
1519923982966:stacktrace
1519924306506:create-person "Ülkü Aktaş Bezci"
1519925016894:stacktrace
1519925350884:create-person "Ülkü Aktaş Bezci"
1519925455230:create-person "çşiıöüğ ÇŞİIÖÜĞ"
1519926110496:create-person çşğüiı
1519926120688:stacktrace
1519926510892:create-person çişğü
1519926852893:create-person çişğüı
1519927202956:create-person çişliüğ
1519927261311:create-person osman
1519927362082:create-person çişli
1519927468164:create-person osman
1519927474745:,çişli
1519927481758:create-person çişli
1519928504108:create-person ""
1519930244043:help
1519930507274:create-person help
1519930535542:help create-person
1519930659634:create-person ülkü aktaş bezci ulku.bezci@gmail.com "555 55 55" 22.12.1985
1519930701068:create-person "ülkü aktaş bezci" ulku.bezci@gmail.com "555 55 55" 22.12.185
1519930773167:create-person --fullname "osman tamburacı"
1519930831251:create-person --fullname "ülkü aktaş bezci" --email ulku.bezci@gmail.com --phone "555 55 55"
1519930886452:create-person --fullname deli --email deli
1519934690162:create-person --fullname osman --email deli
1519939607585:create-person --fullname deneme --email osman
